[    2219ms] [LOG] [Hydrated] @ https://www.mitra-auto.fi/_runtimes/sites-runtime.b5d43be1b167dcff80e3c7c1feb0c2e9a82f827cf979d20de867bb9a6426d931.js:126
[    2245ms] [LOG] 🔔 EmergencyTowModal state changed - open: false @ https://www.mitra-auto.fi/_components/v2/4092a93377c84f8ddbd44928b9404ed6d4a24073.js:38147
[    2246ms] [LOG] 📱 Emergency Modal State Changed: false @ https://www.mitra-auto.fi/_components/v2/4092a93377c84f8ddbd44928b9404ed6d4a24073.js:78051
[    2266ms] [LOG] Auth state changed: INITIAL_SESSION 03c304c1-383d-461a-8f70-8790843df0f2 @ https://www.mitra-auto.fi/_components/v2/4092a93377c84f8ddbd44928b9404ed6d4a24073.js:77926
[    8410ms] [WARNING] The resource https://www.mitra-auto.fi/_json/e0b8c448-739d-48d2-807b-9c8b131ac103/_index.json was preloaded using link preload but not used within a few seconds from the window's load event. Please make sure it has an appropriate `as` value and it is preloaded intentionally. @ https://www.mitra-auto.fi/en/?book_install=1&install_token=bd0b723511640615b53b019bbcf305d0dd4c0c68a56a1c63:0
[   35615ms] [WARNING] The resource https://www.mitra-auto.fi/_json/e0b8c448-739d-48d2-807b-9c8b131ac103/_index.json was preloaded using link preload but not used within a few seconds from the window's load event. Please make sure it has an appropriate `as` value and it is preloaded intentionally. @ https://www.mitra-auto.fi/en/?book_install=1&install_token=bd0b723511640615b53b019bbcf305d0dd4c0c68a56a1c63:0
[   65616ms] [WARNING] The resource https://www.mitra-auto.fi/_json/e0b8c448-739d-48d2-807b-9c8b131ac103/_index.json was preloaded using link preload but not used within a few seconds from the window's load event. Please make sure it has an appropriate `as` value and it is preloaded intentionally. @ https://www.mitra-auto.fi/en/?book_install=1&install_token=bd0b723511640615b53b019bbcf305d0dd4c0c68a56a1c63:0
[   75646ms] [LOG] [BOOKING] Creating booking with data: {license_plate: TST-123, booking_date: 2026-05-19, booking_time: 10:00, booking_language: fi, service_name: Rengastyö – Henkilöauto max. 17"} @ https://www.mitra-auto.fi/_components/v2/4092a93377c84f8ddbd44928b9404ed6d4a24073.js:42843
[   75796ms] [LOG] [BOOKING] ✅ Booking created successfully: [Object] @ https://www.mitra-auto.fi/_components/v2/4092a93377c84f8ddbd44928b9404ed6d4a24073.js:42873
[   75796ms] [LOG] [BOOKING] Booking ID: 194f4019-c3a2-4d57-9d00-72fb7127ce97 @ https://www.mitra-auto.fi/_components/v2/4092a93377c84f8ddbd44928b9404ed6d4a24073.js:42873
[   75796ms] [LOG] [BOOKING] Check CMS for date: 2026-05-19 time: 10:00 @ https://www.mitra-auto.fi/_components/v2/4092a93377c84f8ddbd44928b9404ed6d4a24073.js:42873
[   79981ms] [LOG] [BOOKING] Booking confirmation email sent @ https://www.mitra-auto.fi/_components/v2/4092a93377c84f8ddbd44928b9404ed6d4a24073.js:42910
[   82982ms] [WARNING] The resource https://www.mitra-auto.fi/_json/e0b8c448-739d-48d2-807b-9c8b131ac103/_index.json was preloaded using link preload but not used within a few seconds from the window's load event. Please make sure it has an appropriate `as` value and it is preloaded intentionally. @ https://www.mitra-auto.fi/en/?book_install=1&install_token=bd0b723511640615b53b019bbcf305d0dd4c0c68a56a1c63:0
[   95613ms] [WARNING] The resource https://www.mitra-auto.fi/_json/e0b8c448-739d-48d2-807b-9c8b131ac103/_index.json was preloaded using link preload but not used within a few seconds from the window's load event. Please make sure it has an appropriate `as` value and it is preloaded intentionally. @ https://www.mitra-auto.fi/en/?book_install=1&install_token=bd0b723511640615b53b019bbcf305d0dd4c0c68a56a1c63:0
[  125612ms] [WARNING] The resource https://www.mitra-auto.fi/_json/e0b8c448-739d-48d2-807b-9c8b131ac103/_index.json was preloaded using link preload but not used within a few seconds from the window's load event. Please make sure it has an appropriate `as` value and it is preloaded intentionally. @ https://www.mitra-auto.fi/en/?book_install=1&install_token=bd0b723511640615b53b019bbcf305d0dd4c0c68a56a1c63:0
[  155610ms] [WARNING] The resource https://www.mitra-auto.fi/_json/e0b8c448-739d-48d2-807b-9c8b131ac103/_index.json was preloaded using link preload but not used within a few seconds from the window's load event. Please make sure it has an appropriate `as` value and it is preloaded intentionally. @ https://www.mitra-auto.fi/en/?book_install=1&install_token=bd0b723511640615b53b019bbcf305d0dd4c0c68a56a1c63:0
[  185619ms] [WARNING] The resource https://www.mitra-auto.fi/_json/e0b8c448-739d-48d2-807b-9c8b131ac103/_index.json was preloaded using link preload but not used within a few seconds from the window's load event. Please make sure it has an appropriate `as` value and it is preloaded intentionally. @ https://www.mitra-auto.fi/en/?book_install=1&install_token=bd0b723511640615b53b019bbcf305d0dd4c0c68a56a1c63:0
[  215622ms] [WARNING] The resource https://www.mitra-auto.fi/_json/e0b8c448-739d-48d2-807b-9c8b131ac103/_index.json was preloaded using link preload but not used within a few seconds from the window's load event. Please make sure it has an appropriate `as` value and it is preloaded intentionally. @ https://www.mitra-auto.fi/en/?book_install=1&install_token=bd0b723511640615b53b019bbcf305d0dd4c0c68a56a1c63:0
[  245611ms] [WARNING] The resource https://www.mitra-auto.fi/_json/e0b8c448-739d-48d2-807b-9c8b131ac103/_index.json was preloaded using link preload but not used within a few seconds from the window's load event. Please make sure it has an appropriate `as` value and it is preloaded intentionally. @ https://www.mitra-auto.fi/en/?book_install=1&install_token=bd0b723511640615b53b019bbcf305d0dd4c0c68a56a1c63:0
[  257958ms] [LOG] [Hydrated] @ https://www.mitra-auto.fi/_runtimes/sites-runtime.b5d43be1b167dcff80e3c7c1feb0c2e9a82f827cf979d20de867bb9a6426d931.js:126
[  257991ms] [LOG] 🔔 EmergencyTowModal state changed - open: false @ https://www.mitra-auto.fi/_components/v2/4092a93377c84f8ddbd44928b9404ed6d4a24073.js:38147
[  257993ms] [LOG] 📱 Emergency Modal State Changed: false @ https://www.mitra-auto.fi/_components/v2/4092a93377c84f8ddbd44928b9404ed6d4a24073.js:78051
[  258012ms] [LOG] Auth state changed: INITIAL_SESSION 03c304c1-383d-461a-8f70-8790843df0f2 @ https://www.mitra-auto.fi/_components/v2/4092a93377c84f8ddbd44928b9404ed6d4a24073.js:77926
[  261514ms] [WARNING] The resource https://www.mitra-auto.fi/_json/e0b8c448-739d-48d2-807b-9c8b131ac103/_index.json was preloaded using link preload but not used within a few seconds from the window's load event. Please make sure it has an appropriate `as` value and it is preloaded intentionally. @ https://www.mitra-auto.fi/cms:0
[  291350ms] [WARNING] The resource https://www.mitra-auto.fi/_json/e0b8c448-739d-48d2-807b-9c8b131ac103/_index.json was preloaded using link preload but not used within a few seconds from the window's load event. Please make sure it has an appropriate `as` value and it is preloaded intentionally. @ https://www.mitra-auto.fi/cms:0
[  300165ms] [LOG] [CMS] Fetching bookings for date: 2026-05-15 @ https://www.mitra-auto.fi/_components/v2/4092a93377c84f8ddbd44928b9404ed6d4a24073.js:58371
[  300264ms] [LOG] [CMS] Fetched bookings: [Object] @ https://www.mitra-auto.fi/_components/v2/4092a93377c84f8ddbd44928b9404ed6d4a24073.js:58379
[  300420ms] [LOG] [CMS] Fetched blocked slots: [] @ https://www.mitra-auto.fi/_components/v2/4092a93377c84f8ddbd44928b9404ed6d4a24073.js:58401
[  300420ms] [LOG] [CMS] Time slots built: 1 with bookings @ https://www.mitra-auto.fi/_components/v2/4092a93377c84f8ddbd44928b9404ed6d4a24073.js:58403
[  303493ms] [WARNING] The resource https://www.mitra-auto.fi/_json/e0b8c448-739d-48d2-807b-9c8b131ac103/_index.json was preloaded using link preload but not used within a few seconds from the window's load event. Please make sure it has an appropriate `as` value and it is preloaded intentionally. @ https://www.mitra-auto.fi/cms#schedule:0
[  304748ms] [LOG] [CMS] Fetching bookings for date: 2026-05-16 @ https://www.mitra-auto.fi/_components/v2/4092a93377c84f8ddbd44928b9404ed6d4a24073.js:58371
[  304828ms] [LOG] [CMS] Fetched bookings: [Object] @ https://www.mitra-auto.fi/_components/v2/4092a93377c84f8ddbd44928b9404ed6d4a24073.js:58379
[  304962ms] [LOG] [CMS] Fetched blocked slots: [] @ https://www.mitra-auto.fi/_components/v2/4092a93377c84f8ddbd44928b9404ed6d4a24073.js:58401
[  304962ms] [LOG] [CMS] Time slots built: 1 with bookings @ https://www.mitra-auto.fi/_components/v2/4092a93377c84f8ddbd44928b9404ed6d4a24073.js:58403
[  308021ms] [WARNING] The resource https://www.mitra-auto.fi/_json/e0b8c448-739d-48d2-807b-9c8b131ac103/_index.json was preloaded using link preload but not used within a few seconds from the window's load event. Please make sure it has an appropriate `as` value and it is preloaded intentionally. @ https://www.mitra-auto.fi/cms#schedule:0
[  314918ms] [WARNING] The resource https://www.mitra-auto.fi/_json/e0b8c448-739d-48d2-807b-9c8b131ac103/_index.json was preloaded using link preload but not used within a few seconds from the window's load event. Please make sure it has an appropriate `as` value and it is preloaded intentionally. @ https://www.mitra-auto.fi/cms#schedule:0
[  321323ms] [WARNING] The resource https://www.mitra-auto.fi/_json/e0b8c448-739d-48d2-807b-9c8b131ac103/_index.json was preloaded using link preload but not used within a few seconds from the window's load event. Please make sure it has an appropriate `as` value and it is preloaded intentionally. @ https://www.mitra-auto.fi/cms#schedule:0
[  322793ms] [LOG] [CMS] Fetching bookings for date: 2026-05-16 @ https://www.mitra-auto.fi/_components/v2/4092a93377c84f8ddbd44928b9404ed6d4a24073.js:58371
[  322888ms] [LOG] [CMS] Fetched bookings: [Object] @ https://www.mitra-auto.fi/_components/v2/4092a93377c84f8ddbd44928b9404ed6d4a24073.js:58379
[  323020ms] [LOG] [CMS] Fetched blocked slots: [] @ https://www.mitra-auto.fi/_components/v2/4092a93377c84f8ddbd44928b9404ed6d4a24073.js:58401
[  323020ms] [LOG] [CMS] Time slots built: 1 with bookings @ https://www.mitra-auto.fi/_components/v2/4092a93377c84f8ddbd44928b9404ed6d4a24073.js:58403
[  326083ms] [WARNING] The resource https://www.mitra-auto.fi/_json/e0b8c448-739d-48d2-807b-9c8b131ac103/_index.json was preloaded using link preload but not used within a few seconds from the window's load event. Please make sure it has an appropriate `as` value and it is preloaded intentionally. @ https://www.mitra-auto.fi/cms#schedule:0
[  351312ms] [WARNING] The resource https://www.mitra-auto.fi/_json/e0b8c448-739d-48d2-807b-9c8b131ac103/_index.json was preloaded using link preload but not used within a few seconds from the window's load event. Please make sure it has an appropriate `as` value and it is preloaded intentionally. @ https://www.mitra-auto.fi/cms#schedule:0
