[    1454ms] [LOG] [Hydrated] @ https://www.mitra-auto.fi/_runtimes/sites-runtime.a27151b9640d299d48aa0aa50d429d770a55198d1be538988a479f6863c9b549.js:8001
[    1487ms] [LOG] 🔔 EmergencyTowModal state changed - open: false @ https://www.mitra-auto.fi/_components/v2/dcfb688fdb0390cd0fdbd1747a6636f8f25ed6b3.js:38830
[    1488ms] [LOG] 📱 Emergency Modal State Changed: false @ https://www.mitra-auto.fi/_components/v2/dcfb688fdb0390cd0fdbd1747a6636f8f25ed6b3.js:80238
[    1489ms] [LOG] Auth state changed: INITIAL_SESSION undefined @ https://www.mitra-auto.fi/_components/v2/dcfb688fdb0390cd0fdbd1747a6636f8f25ed6b3.js:80109
[    4956ms] [WARNING] The resource https://www.mitra-auto.fi/_json/9c2a7639-855a-4e09-b317-89226abac742/_index.json was preloaded using link preload but not used within a few seconds from the window's load event. Please make sure it has an appropriate `as` value and it is preloaded intentionally. @ https://www.mitra-auto.fi/cms:0
[   72518ms] [ERROR] Failed to load resource: the server responded with a status of 400 () @ https://rcmmbwdebnmicrweoiyz.supabase.co/auth/v1/token?grant_type=password:0
[   75521ms] [WARNING] The resource https://www.mitra-auto.fi/_json/9c2a7639-855a-4e09-b317-89226abac742/_index.json was preloaded using link preload but not used within a few seconds from the window's load event. Please make sure it has an appropriate `as` value and it is preloaded intentionally. @ https://www.mitra-auto.fi/cms:0
[   81809ms] [LOG] Auth state changed: SIGNED_IN 03c304c1-383d-461a-8f70-8790843df0f2 @ https://www.mitra-auto.fi/_components/v2/dcfb688fdb0390cd0fdbd1747a6636f8f25ed6b3.js:80109
[   85078ms] [WARNING] The resource https://www.mitra-auto.fi/_json/9c2a7639-855a-4e09-b317-89226abac742/_index.json was preloaded using link preload but not used within a few seconds from the window's load event. Please make sure it has an appropriate `as` value and it is preloaded intentionally. @ https://www.mitra-auto.fi/cms:0
[   85565ms] [LOG] Auth state changed: MFA_CHALLENGE_VERIFIED 03c304c1-383d-461a-8f70-8790843df0f2 @ https://www.mitra-auto.fi/_components/v2/dcfb688fdb0390cd0fdbd1747a6636f8f25ed6b3.js:80109
[   88772ms] [WARNING] The resource https://www.mitra-auto.fi/_json/9c2a7639-855a-4e09-b317-89226abac742/_index.json was preloaded using link preload but not used within a few seconds from the window's load event. Please make sure it has an appropriate `as` value and it is preloaded intentionally. @ https://www.mitra-auto.fi/cms:0
[   99002ms] [WARNING] The resource https://www.mitra-auto.fi/_json/9c2a7639-855a-4e09-b317-89226abac742/_index.json was preloaded using link preload but not used within a few seconds from the window's load event. Please make sure it has an appropriate `as` value and it is preloaded intentionally. @ https://www.mitra-auto.fi/cms#catalog:0
[  118773ms] [WARNING] The resource https://www.mitra-auto.fi/_json/9c2a7639-855a-4e09-b317-89226abac742/_index.json was preloaded using link preload but not used within a few seconds from the window's load event. Please make sure it has an appropriate `as` value and it is preloaded intentionally. @ https://www.mitra-auto.fi/cms#catalog:0
[  148745ms] [WARNING] The resource https://www.mitra-auto.fi/_json/9c2a7639-855a-4e09-b317-89226abac742/_index.json was preloaded using link preload but not used within a few seconds from the window's load event. Please make sure it has an appropriate `as` value and it is preloaded intentionally. @ https://www.mitra-auto.fi/cms#catalog:0
[  178726ms] [WARNING] The resource https://www.mitra-auto.fi/_json/9c2a7639-855a-4e09-b317-89226abac742/_index.json was preloaded using link preload but not used within a few seconds from the window's load event. Please make sure it has an appropriate `as` value and it is preloaded intentionally. @ https://www.mitra-auto.fi/cms#catalog:0
[  208741ms] [WARNING] The resource https://www.mitra-auto.fi/_json/9c2a7639-855a-4e09-b317-89226abac742/_index.json was preloaded using link preload but not used within a few seconds from the window's load event. Please make sure it has an appropriate `as` value and it is preloaded intentionally. @ https://www.mitra-auto.fi/cms#catalog:0
[  216222ms] [WARNING] The resource https://www.mitra-auto.fi/_json/9c2a7639-855a-4e09-b317-89226abac742/_index.json was preloaded using link preload but not used within a few seconds from the window's load event. Please make sure it has an appropriate `as` value and it is preloaded intentionally. @ https://www.mitra-auto.fi/cms#catalog:0
[  233102ms] [WARNING] The resource https://www.mitra-auto.fi/_json/9c2a7639-855a-4e09-b317-89226abac742/_index.json was preloaded using link preload but not used within a few seconds from the window's load event. Please make sure it has an appropriate `as` value and it is preloaded intentionally. @ https://www.mitra-auto.fi/cms#catalog:0
[  238719ms] [WARNING] The resource https://www.mitra-auto.fi/_json/9c2a7639-855a-4e09-b317-89226abac742/_index.json was preloaded using link preload but not used within a few seconds from the window's load event. Please make sure it has an appropriate `as` value and it is preloaded intentionally. @ https://www.mitra-auto.fi/cms#catalog:0
[  239422ms] [ERROR] Failed to load resource: the server responded with a status of 401 () @ https://rengasduo.fi/api/user:0
[  239460ms] [ERROR] Failed to load resource: the server responded with a status of 401 () @ https://rengasduo.fi/api/user:0
[  263218ms] [VERBOSE] [DOM] Input elements should have autocomplete attributes (suggested: "current-password"): (More info: https://goo.gl/9p2vKq) %o @ https://rengasduo.fi/:0
[  281479ms] [ERROR] Failed to load resource: the server responded with a status of 400 () @ https://rengasduo.fi/api/login:0
[  288070ms] [ERROR] Failed to load resource: the server responded with a status of 400 () @ https://rengasduo.fi/api/login:0
