[    1527ms] [LOG] [Hydrated] @ https://www.mitra-auto.fi/_runtimes/sites-runtime.b5d43be1b167dcff80e3c7c1feb0c2e9a82f827cf979d20de867bb9a6426d931.js:126
[    1548ms] [LOG] 🔔 EmergencyTowModal state changed - open: false @ https://www.mitra-auto.fi/_components/v2/4092a93377c84f8ddbd44928b9404ed6d4a24073.js:38147
[    1549ms] [LOG] 📱 Emergency Modal State Changed: false @ https://www.mitra-auto.fi/_components/v2/4092a93377c84f8ddbd44928b9404ed6d4a24073.js:78051
[    1567ms] [LOG] Auth state changed: INITIAL_SESSION 03c304c1-383d-461a-8f70-8790843df0f2 @ https://www.mitra-auto.fi/_components/v2/4092a93377c84f8ddbd44928b9404ed6d4a24073.js:77926
[    4963ms] [WARNING] The resource https://www.mitra-auto.fi/_json/e0b8c448-739d-48d2-807b-9c8b131ac103/_index.json was preloaded using link preload but not used within a few seconds from the window's load event. Please make sure it has an appropriate `as` value and it is preloaded intentionally. @ https://www.mitra-auto.fi/cms:0
[   14468ms] [LOG] [CMS] Fetching bookings for date: 2026-05-15 @ https://www.mitra-auto.fi/_components/v2/4092a93377c84f8ddbd44928b9404ed6d4a24073.js:58371
[   14553ms] [LOG] [CMS] Fetched bookings: [Object] @ https://www.mitra-auto.fi/_components/v2/4092a93377c84f8ddbd44928b9404ed6d4a24073.js:58379
[   14696ms] [LOG] [CMS] Fetched blocked slots: [] @ https://www.mitra-auto.fi/_components/v2/4092a93377c84f8ddbd44928b9404ed6d4a24073.js:58401
[   14696ms] [LOG] [CMS] Time slots built: 1 with bookings @ https://www.mitra-auto.fi/_components/v2/4092a93377c84f8ddbd44928b9404ed6d4a24073.js:58403
[   17752ms] [WARNING] The resource https://www.mitra-auto.fi/_json/e0b8c448-739d-48d2-807b-9c8b131ac103/_index.json was preloaded using link preload but not used within a few seconds from the window's load event. Please make sure it has an appropriate `as` value and it is preloaded intentionally. @ https://www.mitra-auto.fi/cms#schedule:0
[   32394ms] [LOG] [CMS] Fetching bookings for date: 2026-05-19 @ https://www.mitra-auto.fi/_components/v2/4092a93377c84f8ddbd44928b9404ed6d4a24073.js:58371
[   32486ms] [LOG] [CMS] Fetched bookings: [Object] @ https://www.mitra-auto.fi/_components/v2/4092a93377c84f8ddbd44928b9404ed6d4a24073.js:58379
[   32694ms] [LOG] [CMS] Fetched blocked slots: [] @ https://www.mitra-auto.fi/_components/v2/4092a93377c84f8ddbd44928b9404ed6d4a24073.js:58401
[   32694ms] [LOG] [CMS] Time slots built: 1 with bookings @ https://www.mitra-auto.fi/_components/v2/4092a93377c84f8ddbd44928b9404ed6d4a24073.js:58403
[   35760ms] [WARNING] The resource https://www.mitra-auto.fi/_json/e0b8c448-739d-48d2-807b-9c8b131ac103/_index.json was preloaded using link preload but not used within a few seconds from the window's load event. Please make sure it has an appropriate `as` value and it is preloaded intentionally. @ https://www.mitra-auto.fi/cms#schedule:0
[   47778ms] [LOG] [CMS] Fetching bookings for date: 2026-05-16 @ https://www.mitra-auto.fi/_components/v2/4092a93377c84f8ddbd44928b9404ed6d4a24073.js:58371
[   47852ms] [LOG] [CMS] Fetched bookings: [Object] @ https://www.mitra-auto.fi/_components/v2/4092a93377c84f8ddbd44928b9404ed6d4a24073.js:58379
[   47966ms] [LOG] [CMS] Fetched blocked slots: [] @ https://www.mitra-auto.fi/_components/v2/4092a93377c84f8ddbd44928b9404ed6d4a24073.js:58401
[   47966ms] [LOG] [CMS] Time slots built: 1 with bookings @ https://www.mitra-auto.fi/_components/v2/4092a93377c84f8ddbd44928b9404ed6d4a24073.js:58403
[   51034ms] [WARNING] The resource https://www.mitra-auto.fi/_json/e0b8c448-739d-48d2-807b-9c8b131ac103/_index.json was preloaded using link preload but not used within a few seconds from the window's load event. Please make sure it has an appropriate `as` value and it is preloaded intentionally. @ https://www.mitra-auto.fi/cms#schedule:0
[   65611ms] [WARNING] The resource https://www.mitra-auto.fi/_json/e0b8c448-739d-48d2-807b-9c8b131ac103/_index.json was preloaded using link preload but not used within a few seconds from the window's load event. Please make sure it has an appropriate `as` value and it is preloaded intentionally. @ https://www.mitra-auto.fi/cms#orders:0
